
                              _,add8ba,
                            ,d888888888b,
                           d8888888888888b                        _,ad8ba,_
                          d888888888888888)                     ,d888888888b,
                          I8888888888888888 _________          ,8888888888888b
                __________`Y88888888888888P"""""""""""baaa,__ ,888888888888888,
            ,adP"""""""""""9888888888P""^                 ^""Y8888888888888888I
         ,a8"^           ,d888P"888P                           "Y8888888888P'
       ,a8            ,d8888'                                     Y8888888P'
      a88'           ,d8888P'                                        I88P"^
    ,d88'           d88888P'                                          "b,
   ,d88'           d888888'                                            `b,
  ,d88'           d888888I                                              `b,
  d88I           ,8888888'            ___                                `b,
 ,888'           d8888888          ,d88888b,              ____            `b,
d888           ,8888888I         d88888888b,           ,d8888b,           `b
,8888           I8888888I        d8888888888I          ,88888888b           8,
I8888           88888888b       d88888888888'          8888888888b          8I
d8886           888888888       Y888888888P'           Y8888888888,        ,8b
88888b          I88888888b      `Y8888888             `Y888888888I        d88,
Y88888b         `888888888b,      `""""                `Y8888888P'       d888I
`888888b         88888888888b,                           `Y8888P        d88888
 Y888888b       ,8888888888888ba,_          _______        `""        ,d888888
 I8888888b,    ,888888888888888888ba,_     d88888888b               ,ad8888888I
 `888888888b,  I8888888888888888888888b,    "Y888P"^      ____.,ad88888888888I
  88888888888b,`888888888888888888888888b,     ""      ad888888888888888888888'
  8888888888888698888888888888888888888888b_,ad88ba,_,d88888888888888888888888
  88888888888888888888888888888888888888888b,`"""^ d8888888888888888888888888I
  8888888888888888888888888888888888888888888baaad888888888888888888888888888'
  Y8888888888888888888888888888888888888888888888888888888888888888888888888P
  I888888888888888888888888888888888888888888888P  Y8888888888888888888888'
 `Y88888888888888888P88888888888888888888888888'     88888888888888888888I
   `Y8888888888888888 `8888888888888888888888888       8888888888888888888P'
    `Y888888888888888  `888888888888888888888888,     ,888888888888888888P'
     `Y88888888888888b  `88888888888888888888888I     I888888888888888888'
       "Y8888888888888b  `8888888888888888888888I     I88888888888888888'
         "Y88888888888P   `888888888888888888888b     d8888888888888888'
            """"""""^     `Y88888888888888888888,    888888888888888P'
                             "8888888888888888888b,   Y888888888888P^
                              `Y888888888888888888b   `Y8888888P"^
                               "Y8888888888888888P     `""""^
                                  `"YY88888888888P'
-----------------------------------------------------------------------------
IP To Be Traced:122.2.129.158
Tracking down 122.2.129.158...

Tracing route to 122.2.129.158.pldt.net [122.2.129.158]
over a maximum of 30 hops:

  1     1 ms     6 ms     9 ms  P-2612HWU [192.168.2.1]
  2     *       24 ms    26 ms  122.2.134.169.pldt.net [122.2.134.169]
  3    27 ms    25 ms    25 ms  122.2.175.253.static.pldt.net [122.2.175.253]
  4    25 ms    34 ms    27 ms  210.213.131.58.static.pldt.net [210.213.131.58]

  5    82 ms    49 ms    40 ms  210.213.135.66.static.pldt.net [210.213.135.66]

  6    29 ms    39 ms    29 ms  122.2.129.158.pldt.net [122.2.129.158]

Trace complete.
